<?xml version="1.0" encoding="UTF-8"?>
<!-- Generated by org.testng.reporters.JUnitReportReporter -->
<testsuite hostname="Bhargav-Laptop" failures="0" tests="2" name="Dataprovider.dataprovider" time="0.034" errors="0" timestamp="28 Jul 2019 09:30:13 GMT" skipped="0">
  <testcase classname="Dataprovider.dataprovider" name="data_provider" time="0.034"/>
  <testcase classname="Dataprovider.dataprovider" name="data_provider" time="0.000"/>
</testsuite> <!-- Dataprovider.dataprovider -->
